<?xml version="1.0" encoding="UTF-8"?>
<!-- Generated by org.testng.reporters.JUnitXMLReporter -->
<testsuite hostname="SON04601" ignored="0" name="Default test" tests="6" failures="0" timestamp="2020-05-06T17:13:13 EDT" time="6.892" errors="0">
  <testcase name="checkContentEncoding" time="0.004" classname="com.employeeapi.testCases.TC004_PUT_Employee_Record"/>
  <testcase name="checkContentType" time="0.002" classname="com.employeeapi.testCases.TC004_PUT_Employee_Record"/>
  <testcase name="checkResponseBody" time="0.01" classname="com.employeeapi.testCases.TC004_PUT_Employee_Record"/>
  <testcase name="checkServerType" time="0.002" classname="com.employeeapi.testCases.TC004_PUT_Employee_Record"/>
  <testcase name="checkStatusCode" time="0.002" classname="com.employeeapi.testCases.TC004_PUT_Employee_Record"/>
  <testcase name="checkStatusLine" time="0.001" classname="com.employeeapi.testCases.TC004_PUT_Employee_Record"/>
</testsuite> <!-- Default test -->
