<?xml version="1.0" encoding="UTF-8"?>
<!-- Generated by org.testng.reporters.JUnitXMLReporter -->
<testsuite hostname="SON04601" ignored="0" name="rrtestassuredtests" tests="27" failures="1" timestamp="2020-05-06T14:29:46 EDT" time="13.442" errors="0">
  <testcase name="checkContentEncoding" time="0.006" classname="com.employeeapi.testCases.TC001_Get_All_Employees"/>
  <testcase name="checkContentLength" time="0.001" classname="com.employeeapi.testCases.TC001_Get_All_Employees"/>
  <testcase name="checkContentType" time="0.001" classname="com.employeeapi.testCases.TC001_Get_All_Employees"/>
  <testcase name="checkCookies" time="0.002" classname="com.employeeapi.testCases.TC001_Get_All_Employees"/>
  <testcase name="checkResponseBody" time="0.028" classname="com.employeeapi.testCases.TC001_Get_All_Employees"/>
  <testcase name="checkResponseTime" time="0.001" classname="com.employeeapi.testCases.TC001_Get_All_Employees"/>
  <testcase name="checkServerType" time="0.001" classname="com.employeeapi.testCases.TC001_Get_All_Employees"/>
  <testcase name="checkStatusCode" time="0.0" classname="com.employeeapi.testCases.TC001_Get_All_Employees"/>
  <testcase name="checkStatusLine" time="0.003" classname="com.employeeapi.testCases.TC001_Get_All_Employees"/>
  <testcase name="checkContentType" time="0.001" classname="com.employeeapi.testCases.TC002_GET_Single_Employee_Record"/>
  <testcase name="checkResponseBody" time="0.002" classname="com.employeeapi.testCases.TC002_GET_Single_Employee_Record"/>
  <testcase name="checkResponseTime" time="0.002" classname="com.employeeapi.testCases.TC002_GET_Single_Employee_Record"/>
  <testcase name="checkServerType" time="0.001" classname="com.employeeapi.testCases.TC002_GET_Single_Employee_Record"/>
  <testcase name="checkStatusCode" time="0.001" classname="com.employeeapi.testCases.TC002_GET_Single_Employee_Record"/>
  <testcase name="checkStatusLine" time="0.001" classname="com.employeeapi.testCases.TC002_GET_Single_Employee_Record"/>
  <testcase name="checkContentEncoding" time="0.001" classname="com.employeeapi.testCases.TC003_POST_Employee_Record"/>
  <testcase name="checkContentType" time="0.001" classname="com.employeeapi.testCases.TC003_POST_Employee_Record"/>
  <testcase name="checkResponseBody" time="0.001" classname="com.employeeapi.testCases.TC003_POST_Employee_Record"/>
  <testcase name="checkServerType" time="0.001" classname="com.employeeapi.testCases.TC003_POST_Employee_Record"/>
  <testcase name="checkStatusCode" time="0.001" classname="com.employeeapi.testCases.TC003_POST_Employee_Record"/>
  <testcase name="checkStatusLine" time="0.001" classname="com.employeeapi.testCases.TC003_POST_Employee_Record"/>
  <testcase name="checkContentEncoding" time="0.001" classname="com.employeeapi.testCases.TC004_PUT_Employee_Record"/>
  <testcase name="checkContentType" time="0.0" classname="com.employeeapi.testCases.TC004_PUT_Employee_Record"/>
  <testcase name="checkResponseBody" time="0.003" classname="com.employeeapi.testCases.TC004_PUT_Employee_Record">
    <failure type="java.lang.AssertionError" message="expected [true] but found [false]">
      <![CDATA[java.lang.AssertionError: expected [true] but found [false]
at com.employeeapi.testCases.TC004_PUT_Employee_Record.checkResponseBody(TC004_PUT_Employee_Record.java:53)
at java.util.ArrayList.forEach(ArrayList.java:1260)
... Removed 33 stack frames]]>
    </failure>
  </testcase> <!-- checkResponseBody -->
  <testcase name="checkServerType" time="0.001" classname="com.employeeapi.testCases.TC004_PUT_Employee_Record"/>
  <testcase name="checkStatusCode" time="0.001" classname="com.employeeapi.testCases.TC004_PUT_Employee_Record"/>
  <testcase name="checkStatusLine" time="0.001" classname="com.employeeapi.testCases.TC004_PUT_Employee_Record"/>
</testsuite> <!-- rrtestassuredtests -->
