<?xml version="1.0" encoding="UTF-8"?>
<!-- Generated by org.testng.reporters.JUnitXMLReporter -->
<testsuite hostname="SON04601" ignored="0" name="rrtestassuredtests" tests="27" failures="0" timestamp="2020-05-06T17:14:00 EDT" time="13.277" errors="0">
  <testcase name="checkContentEncoding" time="0.004" classname="com.employeeapi.testCases.TC001_Get_All_Employees"/>
  <testcase name="checkContentLength" time="0.001" classname="com.employeeapi.testCases.TC001_Get_All_Employees"/>
  <testcase name="checkContentType" time="0.001" classname="com.employeeapi.testCases.TC001_Get_All_Employees"/>
  <testcase name="checkCookies" time="0.001" classname="com.employeeapi.testCases.TC001_Get_All_Employees"/>
  <testcase name="checkResponseBody" time="0.022" classname="com.employeeapi.testCases.TC001_Get_All_Employees"/>
  <testcase name="checkResponseTime" time="0.001" classname="com.employeeapi.testCases.TC001_Get_All_Employees"/>
  <testcase name="checkServerType" time="0.001" classname="com.employeeapi.testCases.TC001_Get_All_Employees"/>
  <testcase name="checkStatusCode" time="0.001" classname="com.employeeapi.testCases.TC001_Get_All_Employees"/>
  <testcase name="checkStatusLine" time="0.001" classname="com.employeeapi.testCases.TC001_Get_All_Employees"/>
  <testcase name="checkContentType" time="0.0" classname="com.employeeapi.testCases.TC002_GET_Single_Employee_Record"/>
  <testcase name="checkResponseBody" time="0.0" classname="com.employeeapi.testCases.TC002_GET_Single_Employee_Record"/>
  <testcase name="checkResponseTime" time="0.0" classname="com.employeeapi.testCases.TC002_GET_Single_Employee_Record"/>
  <testcase name="checkServerType" time="0.0" classname="com.employeeapi.testCases.TC002_GET_Single_Employee_Record"/>
  <testcase name="checkStatusCode" time="0.001" classname="com.employeeapi.testCases.TC002_GET_Single_Employee_Record"/>
  <testcase name="checkStatusLine" time="0.0" classname="com.employeeapi.testCases.TC002_GET_Single_Employee_Record"/>
  <testcase name="checkContentEncoding" time="0.001" classname="com.employeeapi.testCases.TC003_POST_Employee_Record"/>
  <testcase name="checkContentType" time="0.0" classname="com.employeeapi.testCases.TC003_POST_Employee_Record"/>
  <testcase name="checkResponseBody" time="0.001" classname="com.employeeapi.testCases.TC003_POST_Employee_Record"/>
  <testcase name="checkServerType" time="0.0" classname="com.employeeapi.testCases.TC003_POST_Employee_Record"/>
  <testcase name="checkStatusCode" time="0.0" classname="com.employeeapi.testCases.TC003_POST_Employee_Record"/>
  <testcase name="checkStatusLine" time="0.001" classname="com.employeeapi.testCases.TC003_POST_Employee_Record"/>
  <testcase name="checkContentEncoding" time="0.0" classname="com.employeeapi.testCases.TC004_PUT_Employee_Record"/>
  <testcase name="checkContentType" time="0.0" classname="com.employeeapi.testCases.TC004_PUT_Employee_Record"/>
  <testcase name="checkResponseBody" time="0.0" classname="com.employeeapi.testCases.TC004_PUT_Employee_Record"/>
  <testcase name="checkServerType" time="0.001" classname="com.employeeapi.testCases.TC004_PUT_Employee_Record"/>
  <testcase name="checkStatusCode" time="0.0" classname="com.employeeapi.testCases.TC004_PUT_Employee_Record"/>
  <testcase name="checkStatusLine" time="0.0" classname="com.employeeapi.testCases.TC004_PUT_Employee_Record"/>
</testsuite> <!-- rrtestassuredtests -->
