<?xml version="1.0" encoding="UTF-8"?>
<testsuite xmlns:xsi="http://www.w3.org/2001/XMLSchema-instance" xsi:noNamespaceSchemaLocation="https://maven.apache.org/surefire/maven-surefire-plugin/xsd/surefire-test-report-3.0.xsd" version="3.0" name="TestSuite" time="14.647" tests="27" errors="0" skipped="0" failures="0">
  <properties>
[...]
</properties>
  <testcase name="checkContentEncoding" classname="com.employeeapi.testCases.TC001_Get_All_Employees" time="0.005"/>
  <testcase name="checkContentLength" classname="com.employeeapi.testCases.TC001_Get_All_Employees" time="0.004"/>
  <testcase name="checkContentType" classname="com.employeeapi.testCases.TC001_Get_All_Employees" time="0.003"/>
  <testcase name="checkCookies" classname="com.employeeapi.testCases.TC001_Get_All_Employees" time="0.001"/>
  <testcase name="checkResponseBody" classname="com.employeeapi.testCases.TC001_Get_All_Employees" time="0.035"/>
  <testcase name="checkResponseTime" classname="com.employeeapi.testCases.TC001_Get_All_Employees" time="0.001"/>
  <testcase name="checkServerType" classname="com.employeeapi.testCases.TC001_Get_All_Employees" time="0.002"/>
  <testcase name="checkStatusCode" classname="com.employeeapi.testCases.TC001_Get_All_Employees" time="0.001"/>
  <testcase name="checkStatusLine" classname="com.employeeapi.testCases.TC001_Get_All_Employees" time="0.001"/>
  <testcase name="checkContentType" classname="com.employeeapi.testCases.TC002_GET_Single_Employee_Record" time="0"/>
  <testcase name="checkResponseBody" classname="com.employeeapi.testCases.TC002_GET_Single_Employee_Record" time="0.001"/>
  <testcase name="checkResponseTime" classname="com.employeeapi.testCases.TC002_GET_Single_Employee_Record" time="0"/>
  <testcase name="checkServerType" classname="com.employeeapi.testCases.TC002_GET_Single_Employee_Record" time="0"/>
  <testcase name="checkStatusCode" classname="com.employeeapi.testCases.TC002_GET_Single_Employee_Record" time="0"/>
  <testcase name="checkStatusLine" classname="com.employeeapi.testCases.TC002_GET_Single_Employee_Record" time="0"/>
  <testcase name="checkContentEncoding" classname="com.employeeapi.testCases.TC003_POST_Employee_Record" time="0"/>
  <testcase name="checkContentType" classname="com.employeeapi.testCases.TC003_POST_Employee_Record" time="0"/>
  <testcase name="checkResponseBody" classname="com.employeeapi.testCases.TC003_POST_Employee_Record" time="0"/>
  <testcase name="checkServerType" classname="com.employeeapi.testCases.TC003_POST_Employee_Record" time="0.001"/>
  <testcase name="checkStatusCode" classname="com.employeeapi.testCases.TC003_POST_Employee_Record" time="0"/>
  <testcase name="checkStatusLine" classname="com.employeeapi.testCases.TC003_POST_Employee_Record" time="0"/>
  <testcase name="checkContentEncoding" classname="com.employeeapi.testCases.TC004_PUT_Employee_Record" time="0.001"/>
  <testcase name="checkContentType" classname="com.employeeapi.testCases.TC004_PUT_Employee_Record" time="0"/>
  <testcase name="checkResponseBody" classname="com.employeeapi.testCases.TC004_PUT_Employee_Record" time="0"/>
  <testcase name="checkServerType" classname="com.employeeapi.testCases.TC004_PUT_Employee_Record" time="0"/>
  <testcase name="checkStatusCode" classname="com.employeeapi.testCases.TC004_PUT_Employee_Record" time="0.001"/>
  <testcase name="checkStatusLine" classname="com.employeeapi.testCases.TC004_PUT_Employee_Record" time="0"/>
</testsuite>