<?xml version="1.0" encoding="UTF-8"?>
<testng-results skipped="0" failed="1" ignored="0" total="27" passed="26">
  <reporter-output>
  </reporter-output>
  <suite name="Suite" duration-ms="13442" started-at="2020-05-06T14:29:33 EDT" finished-at="2020-05-06T14:29:46 EDT">
    <groups>
    </groups>
    <test name="rrtestassuredtests" duration-ms="13442" started-at="2020-05-06T14:29:33 EDT" finished-at="2020-05-06T14:29:46 EDT">
      <class name="com.employeeapi.testCases.TC003_POST_Employee_Record">
        <test-method status="PASS" signature="setup()[pri:0, instance:com.employeeapi.testCases.TC003_POST_Employee_Record@b96443d4]" name="setup" is-config="true" duration-ms="0" started-at="2020-05-06T14:29:35 EDT" finished-at="2020-05-06T14:29:35 EDT">
          <reporter-output>
          </reporter-output>
        </test-method> <!-- setup -->
        <test-method status="PASS" signature="createEmployee()[pri:0, instance:com.employeeapi.testCases.TC003_POST_Employee_Record@b96443d4]" name="createEmployee" is-config="true" duration-ms="5502" started-at="2020-05-06T14:29:35 EDT" finished-at="2020-05-06T14:29:41 EDT">
          <reporter-output>
          </reporter-output>
        </test-method> <!-- createEmployee -->
        <test-method status="PASS" signature="checkContentEncoding()[pri:0, instance:com.employeeapi.testCases.TC003_POST_Employee_Record@b96443d4]" name="checkContentEncoding" duration-ms="1" started-at="2020-05-06T14:29:41 EDT" finished-at="2020-05-06T14:29:41 EDT">
          <reporter-output>
          </reporter-output>
        </test-method> <!-- checkContentEncoding -->
        <test-method status="PASS" signature="checkContentType()[pri:0, instance:com.employeeapi.testCases.TC003_POST_Employee_Record@b96443d4]" name="checkContentType" duration-ms="1" started-at="2020-05-06T14:29:41 EDT" finished-at="2020-05-06T14:29:41 EDT">
          <reporter-output>
          </reporter-output>
        </test-method> <!-- checkContentType -->
        <test-method status="PASS" signature="checkResponseBody()[pri:0, instance:com.employeeapi.testCases.TC003_POST_Employee_Record@b96443d4]" name="checkResponseBody" duration-ms="1" started-at="2020-05-06T14:29:41 EDT" finished-at="2020-05-06T14:29:41 EDT">
          <reporter-output>
          </reporter-output>
        </test-method> <!-- checkResponseBody -->
        <test-method status="PASS" signature="checkServerType()[pri:0, instance:com.employeeapi.testCases.TC003_POST_Employee_Record@b96443d4]" name="checkServerType" duration-ms="1" started-at="2020-05-06T14:29:41 EDT" finished-at="2020-05-06T14:29:41 EDT">
          <reporter-output>
          </reporter-output>
        </test-method> <!-- checkServerType -->
        <test-method status="PASS" signature="checkStatusCode()[pri:0, instance:com.employeeapi.testCases.TC003_POST_Employee_Record@b96443d4]" name="checkStatusCode" duration-ms="1" started-at="2020-05-06T14:29:41 EDT" finished-at="2020-05-06T14:29:41 EDT">
          <reporter-output>
          </reporter-output>
        </test-method> <!-- checkStatusCode -->
        <test-method status="PASS" signature="checkStatusLine()[pri:0, instance:com.employeeapi.testCases.TC003_POST_Employee_Record@b96443d4]" name="checkStatusLine" duration-ms="1" started-at="2020-05-06T14:29:41 EDT" finished-at="2020-05-06T14:29:41 EDT">
          <reporter-output>
          </reporter-output>
        </test-method> <!-- checkStatusLine -->
        <test-method status="PASS" signature="tearDown()[pri:0, instance:com.employeeapi.testCases.TC003_POST_Employee_Record@b96443d4]" name="tearDown" is-config="true" duration-ms="1" started-at="2020-05-06T14:29:41 EDT" finished-at="2020-05-06T14:29:41 EDT">
          <reporter-output>
          </reporter-output>
        </test-method> <!-- tearDown -->
      </class> <!-- com.employeeapi.testCases.TC003_POST_Employee_Record -->
      <class name="com.employeeapi.testCases.TC004_PUT_Employee_Record">
        <test-method status="PASS" signature="setup()[pri:0, instance:com.employeeapi.testCases.TC004_PUT_Employee_Record@d88c6d9]" name="setup" is-config="true" duration-ms="0" started-at="2020-05-06T14:29:41 EDT" finished-at="2020-05-06T14:29:41 EDT">
          <reporter-output>
          </reporter-output>
        </test-method> <!-- setup -->
        <test-method status="PASS" signature="createEmployee()[pri:0, instance:com.employeeapi.testCases.TC004_PUT_Employee_Record@d88c6d9]" name="createEmployee" is-config="true" duration-ms="5492" started-at="2020-05-06T14:29:41 EDT" finished-at="2020-05-06T14:29:46 EDT">
          <reporter-output>
          </reporter-output>
        </test-method> <!-- createEmployee -->
        <test-method status="PASS" signature="checkContentEncoding()[pri:0, instance:com.employeeapi.testCases.TC004_PUT_Employee_Record@d88c6d9]" name="checkContentEncoding" duration-ms="1" started-at="2020-05-06T14:29:46 EDT" finished-at="2020-05-06T14:29:46 EDT">
          <reporter-output>
          </reporter-output>
        </test-method> <!-- checkContentEncoding -->
        <test-method status="PASS" signature="checkContentType()[pri:0, instance:com.employeeapi.testCases.TC004_PUT_Employee_Record@d88c6d9]" name="checkContentType" duration-ms="0" started-at="2020-05-06T14:29:46 EDT" finished-at="2020-05-06T14:29:46 EDT">
          <reporter-output>
          </reporter-output>
        </test-method> <!-- checkContentType -->
        <test-method status="FAIL" signature="checkResponseBody()[pri:0, instance:com.employeeapi.testCases.TC004_PUT_Employee_Record@d88c6d9]" name="checkResponseBody" duration-ms="3" started-at="2020-05-06T14:29:46 EDT" finished-at="2020-05-06T14:29:46 EDT">
          <exception class="java.lang.AssertionError">
            <message>
              <![CDATA[expected [true] but found [false]]]>
            </message>
            <full-stacktrace>
              <![CDATA[java.lang.AssertionError: expected [true] but found [false]
at org.testng.Assert.fail(Assert.java:97)
at org.testng.Assert.assertEqualsImpl(Assert.java:136)
at org.testng.Assert.assertEquals(Assert.java:118)
at org.testng.Assert.assertEquals(Assert.java:751)
at org.testng.Assert.assertEquals(Assert.java:761)
at com.employeeapi.testCases.TC004_PUT_Employee_Record.checkResponseBody(TC004_PUT_Employee_Record.java:53)
at sun.reflect.NativeMethodAccessorImpl.invoke0(Native Method)
at sun.reflect.NativeMethodAccessorImpl.invoke(NativeMethodAccessorImpl.java:95)
at sun.reflect.DelegatingMethodAccessorImpl.invoke(DelegatingMethodAccessorImpl.java:55)
at java.lang.reflect.Method.invoke(Method.java:508)
at org.testng.internal.MethodInvocationHelper.invokeMethod(MethodInvocationHelper.java:134)
at org.testng.internal.TestInvoker.invokeMethod(TestInvoker.java:597)
at org.testng.internal.TestInvoker.invokeTestMethod(TestInvoker.java:173)
at org.testng.internal.MethodRunner.runInSequence(MethodRunner.java:46)
at org.testng.internal.TestInvoker$MethodInvocationAgent.invoke(TestInvoker.java:816)
at org.testng.internal.TestInvoker.invokeTestMethods(TestInvoker.java:146)
at org.testng.internal.TestMethodWorker.invokeTestMethods(TestMethodWorker.java:146)
at org.testng.internal.TestMethodWorker.run(TestMethodWorker.java:128)
at org.testng.TestRunner$$Lambda$54.000000001369A920.accept(Unknown Source)
at java.util.ArrayList.forEach(ArrayList.java:1260)
at org.testng.TestRunner.privateRun(TestRunner.java:766)
at org.testng.TestRunner.run(TestRunner.java:587)
at org.testng.SuiteRunner.runTest(SuiteRunner.java:384)
at org.testng.SuiteRunner.runSequentially(SuiteRunner.java:378)
at org.testng.SuiteRunner.privateRun(SuiteRunner.java:337)
at org.testng.SuiteRunner.run(SuiteRunner.java:286)
at org.testng.SuiteRunnerWorker.runSuite(SuiteRunnerWorker.java:53)
at org.testng.SuiteRunnerWorker.run(SuiteRunnerWorker.java:96)
at org.testng.TestNG.runSuitesSequentially(TestNG.java:1187)
at org.testng.TestNG.runSuitesLocally(TestNG.java:1109)
at org.testng.TestNG.runSuites(TestNG.java:1039)
at org.testng.TestNG.run(TestNG.java:1007)
at org.testng.remote.AbstractRemoteTestNG.run(AbstractRemoteTestNG.java:115)
at org.testng.remote.RemoteTestNG.initAndRun(RemoteTestNG.java:251)
at org.testng.remote.RemoteTestNG.main(RemoteTestNG.java:77)
]]>
            </full-stacktrace>
          </exception> <!-- java.lang.AssertionError -->
          <reporter-output>
          </reporter-output>
        </test-method> <!-- checkResponseBody -->
        <test-method status="PASS" signature="checkServerType()[pri:0, instance:com.employeeapi.testCases.TC004_PUT_Employee_Record@d88c6d9]" name="checkServerType" duration-ms="1" started-at="2020-05-06T14:29:46 EDT" finished-at="2020-05-06T14:29:46 EDT">
          <reporter-output>
          </reporter-output>
        </test-method> <!-- checkServerType -->
        <test-method status="PASS" signature="checkStatusCode()[pri:0, instance:com.employeeapi.testCases.TC004_PUT_Employee_Record@d88c6d9]" name="checkStatusCode" duration-ms="1" started-at="2020-05-06T14:29:46 EDT" finished-at="2020-05-06T14:29:46 EDT">
          <reporter-output>
          </reporter-output>
        </test-method> <!-- checkStatusCode -->
        <test-method status="PASS" signature="checkStatusLine()[pri:0, instance:com.employeeapi.testCases.TC004_PUT_Employee_Record@d88c6d9]" name="checkStatusLine" duration-ms="1" started-at="2020-05-06T14:29:46 EDT" finished-at="2020-05-06T14:29:46 EDT">
          <reporter-output>
          </reporter-output>
        </test-method> <!-- checkStatusLine -->
        <test-method status="PASS" signature="tearDown()[pri:0, instance:com.employeeapi.testCases.TC004_PUT_Employee_Record@d88c6d9]" name="tearDown" is-config="true" duration-ms="0" started-at="2020-05-06T14:29:46 EDT" finished-at="2020-05-06T14:29:46 EDT">
          <reporter-output>
          </reporter-output>
        </test-method> <!-- tearDown -->
      </class> <!-- com.employeeapi.testCases.TC004_PUT_Employee_Record -->
      <class name="com.employeeapi.testCases.TC001_Get_All_Employees">
        <test-method status="PASS" signature="setup()[pri:0, instance:com.employeeapi.testCases.TC001_Get_All_Employees@8a216330]" name="setup" is-config="true" duration-ms="8" started-at="2020-05-06T14:29:33 EDT" finished-at="2020-05-06T14:29:33 EDT">
          <reporter-output>
          </reporter-output>
        </test-method> <!-- setup -->
        <test-method status="PASS" signature="getAllEmployees()[pri:0, instance:com.employeeapi.testCases.TC001_Get_All_Employees@8a216330]" name="getAllEmployees" is-config="true" duration-ms="1607" started-at="2020-05-06T14:29:33 EDT" finished-at="2020-05-06T14:29:35 EDT">
          <reporter-output>
          </reporter-output>
        </test-method> <!-- getAllEmployees -->
        <test-method status="PASS" signature="checkContentEncoding()[pri:0, instance:com.employeeapi.testCases.TC001_Get_All_Employees@8a216330]" name="checkContentEncoding" duration-ms="6" started-at="2020-05-06T14:29:35 EDT" finished-at="2020-05-06T14:29:35 EDT">
          <reporter-output>
          </reporter-output>
        </test-method> <!-- checkContentEncoding -->
        <test-method status="PASS" signature="checkContentLength()[pri:0, instance:com.employeeapi.testCases.TC001_Get_All_Employees@8a216330]" name="checkContentLength" duration-ms="1" started-at="2020-05-06T14:29:35 EDT" finished-at="2020-05-06T14:29:35 EDT">
          <reporter-output>
          </reporter-output>
        </test-method> <!-- checkContentLength -->
        <test-method status="PASS" signature="checkContentType()[pri:0, instance:com.employeeapi.testCases.TC001_Get_All_Employees@8a216330]" name="checkContentType" duration-ms="1" started-at="2020-05-06T14:29:35 EDT" finished-at="2020-05-06T14:29:35 EDT">
          <reporter-output>
          </reporter-output>
        </test-method> <!-- checkContentType -->
        <test-method status="PASS" signature="checkCookies()[pri:0, instance:com.employeeapi.testCases.TC001_Get_All_Employees@8a216330]" name="checkCookies" duration-ms="2" started-at="2020-05-06T14:29:35 EDT" finished-at="2020-05-06T14:29:35 EDT">
          <reporter-output>
          </reporter-output>
        </test-method> <!-- checkCookies -->
        <test-method status="PASS" signature="checkResponseBody()[pri:0, instance:com.employeeapi.testCases.TC001_Get_All_Employees@8a216330]" name="checkResponseBody" duration-ms="28" started-at="2020-05-06T14:29:35 EDT" finished-at="2020-05-06T14:29:35 EDT">
          <reporter-output>
          </reporter-output>
        </test-method> <!-- checkResponseBody -->
        <test-method status="PASS" signature="checkResponseTime()[pri:0, instance:com.employeeapi.testCases.TC001_Get_All_Employees@8a216330]" name="checkResponseTime" duration-ms="1" started-at="2020-05-06T14:29:35 EDT" finished-at="2020-05-06T14:29:35 EDT">
          <reporter-output>
          </reporter-output>
        </test-method> <!-- checkResponseTime -->
        <test-method status="PASS" signature="checkServerType()[pri:0, instance:com.employeeapi.testCases.TC001_Get_All_Employees@8a216330]" name="checkServerType" duration-ms="1" started-at="2020-05-06T14:29:35 EDT" finished-at="2020-05-06T14:29:35 EDT">
          <reporter-output>
          </reporter-output>
        </test-method> <!-- checkServerType -->
        <test-method status="PASS" signature="checkStatusCode()[pri:0, instance:com.employeeapi.testCases.TC001_Get_All_Employees@8a216330]" name="checkStatusCode" duration-ms="0" started-at="2020-05-06T14:29:35 EDT" finished-at="2020-05-06T14:29:35 EDT">
          <reporter-output>
          </reporter-output>
        </test-method> <!-- checkStatusCode -->
        <test-method status="PASS" signature="checkStatusLine()[pri:0, instance:com.employeeapi.testCases.TC001_Get_All_Employees@8a216330]" name="checkStatusLine" duration-ms="3" started-at="2020-05-06T14:29:35 EDT" finished-at="2020-05-06T14:29:35 EDT">
          <reporter-output>
          </reporter-output>
        </test-method> <!-- checkStatusLine -->
        <test-method status="PASS" signature="tearDown()[pri:0, instance:com.employeeapi.testCases.TC001_Get_All_Employees@8a216330]" name="tearDown" is-config="true" duration-ms="1" started-at="2020-05-06T14:29:35 EDT" finished-at="2020-05-06T14:29:35 EDT">
          <reporter-output>
          </reporter-output>
        </test-method> <!-- tearDown -->
      </class> <!-- com.employeeapi.testCases.TC001_Get_All_Employees -->
      <class name="com.employeeapi.testCases.TC002_GET_Single_Employee_Record">
        <test-method status="PASS" signature="setup()[pri:0, instance:com.employeeapi.testCases.TC002_GET_Single_Employee_Record@6b2fff5d]" name="setup" is-config="true" duration-ms="0" started-at="2020-05-06T14:29:35 EDT" finished-at="2020-05-06T14:29:35 EDT">
          <reporter-output>
          </reporter-output>
        </test-method> <!-- setup -->
        <test-method status="PASS" signature="getEmployeeData()[pri:0, instance:com.employeeapi.testCases.TC002_GET_Single_Employee_Record@6b2fff5d]" name="getEmployeeData" is-config="true" duration-ms="568" started-at="2020-05-06T14:29:35 EDT" finished-at="2020-05-06T14:29:35 EDT">
          <reporter-output>
          </reporter-output>
        </test-method> <!-- getEmployeeData -->
        <test-method status="PASS" signature="checkContentType()[pri:0, instance:com.employeeapi.testCases.TC002_GET_Single_Employee_Record@6b2fff5d]" name="checkContentType" duration-ms="1" started-at="2020-05-06T14:29:35 EDT" finished-at="2020-05-06T14:29:35 EDT">
          <reporter-output>
          </reporter-output>
        </test-method> <!-- checkContentType -->
        <test-method status="PASS" signature="checkResponseBody()[pri:0, instance:com.employeeapi.testCases.TC002_GET_Single_Employee_Record@6b2fff5d]" name="checkResponseBody" duration-ms="2" started-at="2020-05-06T14:29:35 EDT" finished-at="2020-05-06T14:29:35 EDT">
          <reporter-output>
          </reporter-output>
        </test-method> <!-- checkResponseBody -->
        <test-method status="PASS" signature="checkResponseTime()[pri:0, instance:com.employeeapi.testCases.TC002_GET_Single_Employee_Record@6b2fff5d]" name="checkResponseTime" duration-ms="2" started-at="2020-05-06T14:29:35 EDT" finished-at="2020-05-06T14:29:35 EDT">
          <reporter-output>
          </reporter-output>
        </test-method> <!-- checkResponseTime -->
        <test-method status="PASS" signature="checkServerType()[pri:0, instance:com.employeeapi.testCases.TC002_GET_Single_Employee_Record@6b2fff5d]" name="checkServerType" duration-ms="1" started-at="2020-05-06T14:29:35 EDT" finished-at="2020-05-06T14:29:35 EDT">
          <reporter-output>
          </reporter-output>
        </test-method> <!-- checkServerType -->
        <test-method status="PASS" signature="checkStatusCode()[pri:0, instance:com.employeeapi.testCases.TC002_GET_Single_Employee_Record@6b2fff5d]" name="checkStatusCode" duration-ms="1" started-at="2020-05-06T14:29:35 EDT" finished-at="2020-05-06T14:29:35 EDT">
          <reporter-output>
          </reporter-output>
        </test-method> <!-- checkStatusCode -->
        <test-method status="PASS" signature="checkStatusLine()[pri:0, instance:com.employeeapi.testCases.TC002_GET_Single_Employee_Record@6b2fff5d]" name="checkStatusLine" duration-ms="1" started-at="2020-05-06T14:29:35 EDT" finished-at="2020-05-06T14:29:35 EDT">
          <reporter-output>
          </reporter-output>
        </test-method> <!-- checkStatusLine -->
        <test-method status="PASS" signature="tearDown()[pri:0, instance:com.employeeapi.testCases.TC002_GET_Single_Employee_Record@6b2fff5d]" name="tearDown" is-config="true" duration-ms="0" started-at="2020-05-06T14:29:35 EDT" finished-at="2020-05-06T14:29:35 EDT">
          <reporter-output>
          </reporter-output>
        </test-method> <!-- tearDown -->
      </class> <!-- com.employeeapi.testCases.TC002_GET_Single_Employee_Record -->
    </test> <!-- rrtestassuredtests -->
  </suite> <!-- Suite -->
</testng-results>
