<?xml version="1.0" encoding="UTF-8"?>
<testng-results skipped="0" failed="0" ignored="0" total="6" passed="6">
  <reporter-output>
  </reporter-output>
  <suite name="Default suite" duration-ms="6892" started-at="2020-05-06T17:13:06 EDT" finished-at="2020-05-06T17:13:13 EDT">
    <groups>
    </groups>
    <test name="Default test" duration-ms="6892" started-at="2020-05-06T17:13:06 EDT" finished-at="2020-05-06T17:13:13 EDT">
      <class name="com.employeeapi.testCases.TC004_PUT_Employee_Record">
        <test-method status="PASS" signature="setup()[pri:0, instance:com.employeeapi.testCases.TC004_PUT_Employee_Record@59fe4d9b]" name="setup" is-config="true" duration-ms="5" started-at="2020-05-06T17:13:06 EDT" finished-at="2020-05-06T17:13:06 EDT">
          <reporter-output>
          </reporter-output>
        </test-method> <!-- setup -->
        <test-method status="PASS" signature="createEmployee()[pri:0, instance:com.employeeapi.testCases.TC004_PUT_Employee_Record@59fe4d9b]" name="createEmployee" is-config="true" duration-ms="6826" started-at="2020-05-06T17:13:06 EDT" finished-at="2020-05-06T17:13:12 EDT">
          <reporter-output>
          </reporter-output>
        </test-method> <!-- createEmployee -->
        <test-method status="PASS" signature="checkContentEncoding()[pri:0, instance:com.employeeapi.testCases.TC004_PUT_Employee_Record@59fe4d9b]" name="checkContentEncoding" duration-ms="4" started-at="2020-05-06T17:13:12 EDT" finished-at="2020-05-06T17:13:12 EDT">
          <reporter-output>
          </reporter-output>
        </test-method> <!-- checkContentEncoding -->
        <test-method status="PASS" signature="checkContentType()[pri:0, instance:com.employeeapi.testCases.TC004_PUT_Employee_Record@59fe4d9b]" name="checkContentType" duration-ms="2" started-at="2020-05-06T17:13:12 EDT" finished-at="2020-05-06T17:13:12 EDT">
          <reporter-output>
          </reporter-output>
        </test-method> <!-- checkContentType -->
        <test-method status="PASS" signature="checkResponseBody()[pri:0, instance:com.employeeapi.testCases.TC004_PUT_Employee_Record@59fe4d9b]" name="checkResponseBody" duration-ms="10" started-at="2020-05-06T17:13:12 EDT" finished-at="2020-05-06T17:13:13 EDT">
          <reporter-output>
          </reporter-output>
        </test-method> <!-- checkResponseBody -->
        <test-method status="PASS" signature="checkServerType()[pri:0, instance:com.employeeapi.testCases.TC004_PUT_Employee_Record@59fe4d9b]" name="checkServerType" duration-ms="2" started-at="2020-05-06T17:13:13 EDT" finished-at="2020-05-06T17:13:13 EDT">
          <reporter-output>
          </reporter-output>
        </test-method> <!-- checkServerType -->
        <test-method status="PASS" signature="checkStatusCode()[pri:0, instance:com.employeeapi.testCases.TC004_PUT_Employee_Record@59fe4d9b]" name="checkStatusCode" duration-ms="2" started-at="2020-05-06T17:13:13 EDT" finished-at="2020-05-06T17:13:13 EDT">
          <reporter-output>
          </reporter-output>
        </test-method> <!-- checkStatusCode -->
        <test-method status="PASS" signature="checkStatusLine()[pri:0, instance:com.employeeapi.testCases.TC004_PUT_Employee_Record@59fe4d9b]" name="checkStatusLine" duration-ms="1" started-at="2020-05-06T17:13:13 EDT" finished-at="2020-05-06T17:13:13 EDT">
          <reporter-output>
          </reporter-output>
        </test-method> <!-- checkStatusLine -->
        <test-method status="PASS" signature="tearDown()[pri:0, instance:com.employeeapi.testCases.TC004_PUT_Employee_Record@59fe4d9b]" name="tearDown" is-config="true" duration-ms="1" started-at="2020-05-06T17:13:13 EDT" finished-at="2020-05-06T17:13:13 EDT">
          <reporter-output>
          </reporter-output>
        </test-method> <!-- tearDown -->
      </class> <!-- com.employeeapi.testCases.TC004_PUT_Employee_Record -->
    </test> <!-- Default test -->
  </suite> <!-- Default suite -->
</testng-results>
